-------------------------------------------------------------------------------
Test set: chess.BoardTest
-------------------------------------------------------------------------------
Tests run: 2, Failures: 1, Errors: 0, Skipped: 0, Time elapsed: 0.12 s <<< FAILURE! - in chess.BoardTest
TestfindCellCol(chess.BoardTest)  Time elapsed: 0.031 s  <<< FAILURE!
java.lang.AssertionError: expected:<65> but was:<66>
	at chess.BoardTest.TestfindCellCol(BoardTest.java:33)

